<?xml version="1.0" encoding="UTF-8"?>
<!-- Generated by org.testng.reporters.JUnitReportReporter -->
<testsuite hostname="DESKTOP-7QJBVRE" failures="0" tests="1" name="script.ValidLogin" time="22.974" errors="0" timestamp="2023-06-20T13:02:59 IST" skipped="0">
  <testcase classname="script.ValidLogin" name="testValidLogin" time="22.974"/>
  <system-out>
    <![CDATA[HomePage is Displayed]]>
  </system-out>
</testsuite> <!-- script.ValidLogin -->
