<?xml version="1.0" encoding="UTF-8"?>
<!-- Generated by org.testng.reporters.JUnitReportReporter -->
<testsuite hostname="DESKTOP-7QJBVRE" failures="0" tests="1" name="script.InvalidLogin" time="22.392" errors="0" timestamp="2023-05-05T11:37:52 IST" skipped="0">
  <testcase classname="script.InvalidLogin" name="testInvalidLogin" time="22.392"/>
  <system-out>
    <![CDATA[Err Msg is Displayed
Err Msg is Displayed]]>
  </system-out>
</testsuite> <!-- script.InvalidLogin -->
