<?xml version="1.0" encoding="UTF-8"?>
<!-- Generated by org.testng.reporters.JUnitReportReporter -->
<testsuite hostname="DESKTOP-7QJBVRE" failures="0" tests="1" name="script.DemoTest2" time="10.258" errors="0" timestamp="2023-05-03T12:09:59 IST" skipped="0">
  <testcase classname="script.DemoTest2" name="demoTest2" time="10.258"/>
  <system-out>
    <![CDATA[Facebook â€“ log in or sign up]]>
  </system-out>
</testsuite> <!-- script.DemoTest2 -->
