<?xml version="1.0" encoding="UTF-8"?>
<!-- Generated by org.testng.reporters.JUnitReportReporter -->
<testsuite hostname="DESKTOP-7QJBVRE" failures="0" tests="2" name="script.invalidLogin2" time="49.485" errors="0" timestamp="2023-06-21T13:07:21 IST" skipped="0">
  <testcase classname="script.invalidLogin2" name="testInvalidLogin" time="29.519"/>
  <system-out>
    <![CDATA[Err Msg is Displayed]]>
  </system-out>
  <testcase classname="script.invalidLogin2" name="testInvalidLogin" time="19.966"/>
  <system-out>
    <![CDATA[Err Msg is Displayed]]>
  </system-out>
</testsuite> <!-- script.invalidLogin2 -->
