<?xml version="1.0" encoding="UTF-8"?>
<!-- Generated by org.testng.reporters.JUnitReportReporter -->
<testsuite hostname="DESKTOP-7QJBVRE" failures="0" tests="1" name="script.InvalidLogin" time="12.550" errors="0" timestamp="2023-06-01T12:32:32 IST" skipped="0">
  <testcase classname="script.InvalidLogin" name="testInvalidLogin" time="12.550"/>
  <system-out>
    <![CDATA[Err Msg is Displayed
Err Msg is Displayed]]>
  </system-out>
</testsuite> <!-- script.InvalidLogin -->
